2023-01-25 14:39:05.221  INFO 104844 --- [restartedMain] com.tweetapp.TweetAppApplication         : Starting TweetAppApplication using Java 11.0.13 on Rajesh with PID 104844 (S:\TweetApp-Updated\TweetApp-local\TweetApp\TweetAppBackend\target\classes started by garik in S:\TweetApp-Updated\TweetApp-local\TweetApp\TweetAppBackend)
2023-01-25 14:39:05.232  INFO 104844 --- [restartedMain] com.tweetapp.TweetAppApplication         : No active profile set, falling back to default profiles: default
2023-01-25 14:39:05.310  INFO 104844 --- [restartedMain] .e.DevToolsPropertyDefaultsPostProcessor : Devtools property defaults active! Set 'spring.devtools.add-properties' to 'false' to disable
2023-01-25 14:39:05.311  INFO 104844 --- [restartedMain] .e.DevToolsPropertyDefaultsPostProcessor : For additional web related logging consider setting the 'logging.level.web' property to 'DEBUG'
2023-01-25 14:39:06.771  INFO 104844 --- [restartedMain] .s.d.r.c.RepositoryConfigurationDelegate : Bootstrapping Spring Data MongoDB repositories in DEFAULT mode.
2023-01-25 14:39:06.833  INFO 104844 --- [restartedMain] .s.d.r.c.RepositoryConfigurationDelegate : Finished Spring Data repository scanning in 56 ms. Found 2 MongoDB repository interfaces.
2023-01-25 14:39:07.856  INFO 104844 --- [restartedMain] o.s.b.w.embedded.tomcat.TomcatWebServer  : Tomcat initialized with port(s): 8888 (http)
2023-01-25 14:39:07.871  INFO 104844 --- [restartedMain] o.apache.catalina.core.StandardService   : Starting service [Tomcat]
2023-01-25 14:39:07.871  INFO 104844 --- [restartedMain] org.apache.catalina.core.StandardEngine  : Starting Servlet engine: [Apache Tomcat/9.0.45]
2023-01-25 14:39:07.973  INFO 104844 --- [restartedMain] o.a.c.c.C.[Tomcat].[localhost].[/]       : Initializing Spring embedded WebApplicationContext
2023-01-25 14:39:07.973  INFO 104844 --- [restartedMain] w.s.c.ServletWebServerApplicationContext : Root WebApplicationContext: initialization completed in 2661 ms
2023-01-25 14:39:08.370  INFO 104844 --- [restartedMain] org.mongodb.driver.cluster               : Cluster created with settings {hosts=[localhost:27017], mode=SINGLE, requiredClusterType=UNKNOWN, serverSelectionTimeout='30000 ms'}
2023-01-25 14:39:08.458  INFO 104844 --- [cluster-rtt-ClusterId{value='63d0f1b495f84537e76d3b56', description='null'}-localhost:27017] org.mongodb.driver.connection            : Opened connection [connectionId{localValue:1, serverValue:2}] to localhost:27017
2023-01-25 14:39:08.459  INFO 104844 --- [cluster-ClusterId{value='63d0f1b495f84537e76d3b56', description='null'}-localhost:27017] org.mongodb.driver.connection            : Opened connection [connectionId{localValue:2, serverValue:1}] to localhost:27017
2023-01-25 14:39:08.460  INFO 104844 --- [cluster-ClusterId{value='63d0f1b495f84537e76d3b56', description='null'}-localhost:27017] org.mongodb.driver.cluster               : Monitor thread successfully connected to server with description ServerDescription{address=localhost:27017, type=STANDALONE, state=CONNECTED, ok=true, minWireVersion=0, maxWireVersion=13, maxDocumentSize=16777216, logicalSessionTimeoutMinutes=30, roundTripTimeNanos=29493500}
2023-01-25 14:39:08.585  INFO 104844 --- [restartedMain] o.s.b.d.a.OptionalLiveReloadServer       : LiveReload server is running on port 35729
2023-01-25 14:39:09.636  INFO 104844 --- [restartedMain] o.s.b.a.e.web.EndpointLinksResolver      : Exposing 15 endpoint(s) beneath base path '/actuator'
2023-01-25 14:39:09.796  INFO 104844 --- [restartedMain] o.s.s.concurrent.ThreadPoolTaskExecutor  : Initializing ExecutorService 'applicationTaskExecutor'
2023-01-25 14:39:10.173  INFO 104844 --- [restartedMain] o.s.b.w.embedded.tomcat.TomcatWebServer  : Tomcat started on port(s): 8888 (http) with context path ''
2023-01-25 14:39:10.697  INFO 104844 --- [restartedMain] com.tweetapp.TweetAppApplication         : Started TweetAppApplication in 6.062 seconds (JVM running for 6.778)
2023-01-25 14:40:42.298  INFO 104844 --- [http-nio-8888-exec-1] o.a.c.c.C.[Tomcat].[localhost].[/]       : Initializing Spring DispatcherServlet 'dispatcherServlet'
2023-01-25 14:40:42.299  INFO 104844 --- [http-nio-8888-exec-1] o.s.web.servlet.DispatcherServlet        : Initializing Servlet 'dispatcherServlet'
2023-01-25 14:40:42.300  INFO 104844 --- [http-nio-8888-exec-1] o.s.web.servlet.DispatcherServlet        : Completed initialization in 1 ms
2023-01-25 14:43:32.794  INFO 104844 --- [SpringContextShutdownHook] o.s.s.concurrent.ThreadPoolTaskExecutor  : Shutting down ExecutorService 'applicationTaskExecutor'
